Flow report for FPGA
Tue Jan 26 13:52:55 2016
Quartus II Version 9.1 Build 222 10/21/2009 SJ Web Edition


---------------------
; Table of Contents ;
---------------------
  1. Legal Notice
  2. Flow Summary
  3. Flow Settings
  4. Flow Non-Default Global Settings
  5. Flow Elapsed Time
  6. Flow OS Summary
  7. Flow Log



----------------
; Legal Notice ;
----------------
Copyright (C) 1991-2009 Altera Corporation
Your use of Altera Corporation's design tools, logic functions 
and other software and tools, and its AMPP partner logic 
functions, and any output files from any of the foregoing 
(including device programming or simulation files), and any 
associated documentation or information are expressly subject 
to the terms and conditions of the Altera Program License 
Subscription Agreement, Altera MegaCore Function License 
Agreement, or other applicable license agreement, including, 
without limitation, that your use is for the sole purpose of 
programming logic devices manufactured by Altera and sold by 
Altera or its authorized distributors.  Please refer to the 
applicable agreement for further details.



+------------------------------------------------------------------------------+
; Flow Summary                                                                 ;
+------------------------------------+-----------------------------------------+
; Flow Status                        ; Successful - Tue Jan 26 13:52:48 2016   ;
; Quartus II Version                 ; 9.1 Build 222 10/21/2009 SJ Web Edition ;
; Revision Name                      ; FPGA                                    ;
; Top-level Entity Name              ; FPGA                                    ;
; Family                             ; Cyclone III                             ;
; Device                             ; EP3C16F484C6                            ;
; Timing Models                      ; Final                                   ;
; Met timing requirements            ; N/A                                     ;
; Total logic elements               ; 546 / 15,408 ( 4 % )                    ;
;     Total combinational functions  ; 546 / 15,408 ( 4 % )                    ;
;     Dedicated logic registers      ; 100 / 15,408 ( < 1 % )                  ;
; Total registers                    ; 100                                     ;
; Total pins                         ; 254 / 347 ( 73 % )                      ;
; Total virtual pins                 ; 0                                       ;
; Total memory bits                  ; 0 / 516,096 ( 0 % )                     ;
; Embedded Multiplier 9-bit elements ; 4 / 112 ( 4 % )                         ;
; Total PLLs                         ; 0 / 4 ( 0 % )                           ;
+------------------------------------+-----------------------------------------+


+-----------------------------------------+
; Flow Settings                           ;
+-------------------+---------------------+
; Option            ; Setting             ;
+-------------------+---------------------+
; Start date & time ; 01/26/2016 13:52:11 ;
; Main task         ; Compilation         ;
; Revision Name     ; FPGA                ;
+-------------------+---------------------+


+-----------------------------------------------------------------------------------------------------------------------------------------+
; Flow Non-Default Global Settings                                                                                                        ;
+-----------------------------+----------------------------------------------------------------+---------------+-------------+------------+
; Assignment Name             ; Value                                                          ; Default Value ; Entity Name ; Section Id ;
+-----------------------------+----------------------------------------------------------------+---------------+-------------+------------+
; COMPILER_SIGNATURE_ID       ; 192123328673907.145381273002512                                ; --            ; --          ; --         ;
; MAX_CORE_JUNCTION_TEMP      ; 85                                                             ; --            ; --          ; --         ;
; MIN_CORE_JUNCTION_TEMP      ; 0                                                              ; --            ; --          ; --         ;
; MISC_FILE                   ; D:/Olivier/Num/Num13-14/Projet/Projet_DE0_fichiersDE2/FPGA.dpf ; --            ; --          ; --         ;
; NOMINAL_CORE_SUPPLY_VOLTAGE ; 1.2V                                                           ; --            ; --          ; --         ;
; PARTITION_COLOR             ; 14622752                                                       ; --            ; --          ; Top        ;
; PARTITION_NETLIST_TYPE      ; SOURCE                                                         ; --            ; --          ; Top        ;
+-----------------------------+----------------------------------------------------------------+---------------+-------------+------------+


+-------------------------------------------------------------------------------------------------------------------------------+
; Flow Elapsed Time                                                                                                             ;
+---------------------------+--------------+-------------------------+---------------------+------------------------------------+
; Module Name               ; Elapsed Time ; Average Processors Used ; Peak Virtual Memory ; Total CPU Time (on all processors) ;
+---------------------------+--------------+-------------------------+---------------------+------------------------------------+
; Analysis & Synthesis      ; 00:00:10     ; 1.0                     ; 241 MB              ; 00:00:11                           ;
; Fitter                    ; 00:00:19     ; 1.0                     ; 257 MB              ; 00:00:20                           ;
; TimeQuest Timing Analyzer ; 00:00:11     ; 1.0                     ; 208 MB              ; 00:00:11                           ;
; Assembler                 ; 00:00:04     ; 1.0                     ; 216 MB              ; 00:00:04                           ;
; Total                     ; 00:00:40     ; --                      ; --                  ; 00:00:42                           ;
+---------------------------+--------------+-------------------------+---------------------+------------------------------------+


+--------------------------------------------------------------------------------------------+
; Flow OS Summary                                                                            ;
+---------------------------+------------------+---------------+------------+----------------+
; Module Name               ; Machine Hostname ; OS Name       ; OS Version ; Processor type ;
+---------------------------+------------------+---------------+------------+----------------+
; Analysis & Synthesis      ; MacBook-Windows  ; Windows Vista ; 6.2        ; x86_64         ;
; Fitter                    ; MacBook-Windows  ; Windows Vista ; 6.2        ; x86_64         ;
; Assembler                 ; MacBook-Windows  ; Windows Vista ; 6.2        ; x86_64         ;
; TimeQuest Timing Analyzer ; MacBook-Windows  ; Windows Vista ; 6.2        ; x86_64         ;
+---------------------------+------------------+---------------+------------+----------------+


------------
; Flow Log ;
------------
quartus_map --read_settings_files=on --write_settings_files=off FPGA_Proj -c FPGA
quartus_fit --read_settings_files=off --write_settings_files=off FPGA_Proj -c FPGA
quartus_asm --read_settings_files=off --write_settings_files=off FPGA_Proj -c FPGA
quartus_sta FPGA_Proj -c FPGA



